<?xml version="1.0" encoding="UTF-8"?>
<testng-results skipped="0" failed="1" ignored="0" total="5" passed="4">
  <reporter-output>
  </reporter-output>
  <suite name="Default suite" duration-ms="62555" started-at="2022-08-17T10:19:28 IST" finished-at="2022-08-17T10:20:30 IST">
    <groups>
    </groups>
    <test name="Default test" duration-ms="62555" started-at="2022-08-17T10:19:28 IST" finished-at="2022-08-17T10:20:30 IST">
      <class name="com.training.sanity.tests.loginorange">
        <test-method status="PASS" signature="beforeTest()[pri:0, instance:com.training.sanity.tests.loginorange@7a3d45bd]" name="beforeTest" is-config="true" duration-ms="14126" started-at="2022-08-17T10:19:28 IST" finished-at="2022-08-17T10:19:42 IST">
          <reporter-output>
          </reporter-output>
        </test-method> <!-- beforeTest -->
        <test-method status="PASS" signature="login()[pri:0, instance:com.training.sanity.tests.loginorange@7a3d45bd]" name="login" duration-ms="5071" started-at="2022-08-17T10:19:42 IST" finished-at="2022-08-17T10:19:47 IST">
          <reporter-output>
          </reporter-output>
        </test-method> <!-- login -->
        <test-method status="FAIL" signature="Admin()[pri:1, instance:com.training.sanity.tests.loginorange@7a3d45bd]" name="Admin" duration-ms="9151" started-at="2022-08-17T10:19:47 IST" finished-at="2022-08-17T10:19:56 IST">
          <exception class="org.openqa.selenium.support.ui.UnexpectedTagNameException">
            <message>
              <![CDATA[Element should have been "select" but was "a"
Build info: version: '3.141.59', revision: 'e82be7d358', time: '2018-11-14T08:17:03'
System info: host: 'DRBSURYAKANTH', ip: '192.168.32.1', os.name: 'Windows 10', os.arch: 'amd64', os.version: '10.0', java.version: '1.8.0_301'
Driver info: driver.version: unknown]]>
            </message>
            <full-stacktrace>
              <![CDATA[org.openqa.selenium.support.ui.UnexpectedTagNameException: Element should have been "select" but was "a"
Build info: version: '3.141.59', revision: 'e82be7d358', time: '2018-11-14T08:17:03'
System info: host: 'DRBSURYAKANTH', ip: '192.168.32.1', os.name: 'Windows 10', os.arch: 'amd64', os.version: '10.0', java.version: '1.8.0_301'
Driver info: driver.version: unknown
at org.openqa.selenium.support.ui.Select.<init>(Select.java:48)
at com.training.pom.AdminPOM.addjob1(AdminPOM.java:35)
at com.training.sanity.tests.loginorange.Admin(loginorange.java:66)
at sun.reflect.NativeMethodAccessorImpl.invoke0(Native Method)
at sun.reflect.NativeMethodAccessorImpl.invoke(NativeMethodAccessorImpl.java:62)
at sun.reflect.DelegatingMethodAccessorImpl.invoke(DelegatingMethodAccessorImpl.java:43)
at java.lang.reflect.Method.invoke(Method.java:498)
at org.testng.internal.MethodInvocationHelper.invokeMethod(MethodInvocationHelper.java:133)
at org.testng.internal.TestInvoker.invokeMethod(TestInvoker.java:598)
at org.testng.internal.TestInvoker.invokeTestMethod(TestInvoker.java:173)
at org.testng.internal.MethodRunner.runInSequence(MethodRunner.java:46)
at org.testng.internal.TestInvoker$MethodInvocationAgent.invoke(TestInvoker.java:824)
at org.testng.internal.TestInvoker.invokeTestMethods(TestInvoker.java:146)
at org.testng.internal.TestMethodWorker.invokeTestMethods(TestMethodWorker.java:146)
at org.testng.internal.TestMethodWorker.run(TestMethodWorker.java:128)
at java.util.ArrayList.forEach(ArrayList.java:1259)
at org.testng.TestRunner.privateRun(TestRunner.java:794)
at org.testng.TestRunner.run(TestRunner.java:596)
at org.testng.SuiteRunner.runTest(SuiteRunner.java:377)
at org.testng.SuiteRunner.runSequentially(SuiteRunner.java:371)
at org.testng.SuiteRunner.privateRun(SuiteRunner.java:332)
at org.testng.SuiteRunner.run(SuiteRunner.java:276)
at org.testng.SuiteRunnerWorker.runSuite(SuiteRunnerWorker.java:53)
at org.testng.SuiteRunnerWorker.run(SuiteRunnerWorker.java:96)
at org.testng.TestNG.runSuitesSequentially(TestNG.java:1212)
at org.testng.TestNG.runSuitesLocally(TestNG.java:1134)
at org.testng.TestNG.runSuites(TestNG.java:1063)
at org.testng.TestNG.run(TestNG.java:1031)
at org.testng.remote.AbstractRemoteTestNG.run(AbstractRemoteTestNG.java:115)
at org.testng.remote.RemoteTestNG.initAndRun(RemoteTestNG.java:251)
at org.testng.remote.RemoteTestNG.main(RemoteTestNG.java:77)
]]>
            </full-stacktrace>
          </exception> <!-- org.openqa.selenium.support.ui.UnexpectedTagNameException -->
          <reporter-output>
          </reporter-output>
        </test-method> <!-- Admin -->
        <test-method status="PASS" signature="pim()[pri:2, instance:com.training.sanity.tests.loginorange@7a3d45bd]" name="pim" duration-ms="22941" started-at="2022-08-17T10:19:56 IST" finished-at="2022-08-17T10:20:19 IST">
          <reporter-output>
          </reporter-output>
        </test-method> <!-- pim -->
        <test-method status="PASS" signature="dash()[pri:3, instance:com.training.sanity.tests.loginorange@7a3d45bd]" name="dash" duration-ms="4302" started-at="2022-08-17T10:20:19 IST" finished-at="2022-08-17T10:20:23 IST">
          <reporter-output>
          </reporter-output>
        </test-method> <!-- dash -->
        <test-method status="PASS" signature="directoryy()[pri:4, instance:com.training.sanity.tests.loginorange@7a3d45bd]" name="directoryy" duration-ms="6654" started-at="2022-08-17T10:20:23 IST" finished-at="2022-08-17T10:20:30 IST">
          <reporter-output>
          </reporter-output>
        </test-method> <!-- directoryy -->
        <test-method status="PASS" signature="afterTest()[pri:0, instance:com.training.sanity.tests.loginorange@7a3d45bd]" name="afterTest" is-config="true" duration-ms="0" started-at="2022-08-17T10:20:30 IST" finished-at="2022-08-17T10:20:30 IST">
          <reporter-output>
          </reporter-output>
        </test-method> <!-- afterTest -->
      </class> <!-- com.training.sanity.tests.loginorange -->
    </test> <!-- Default test -->
  </suite> <!-- Default suite -->
</testng-results>
